{
	"explainVersion" : "1",
	"stages" : [
		{
			"$cursor" : {
				"queryPlanner" : {
					"namespace" : "tpch_1.scale1",
					"indexFilterSet" : false,
					"parsedQuery" : {
						
					},
					"queryHash" : "7D406A01",
					"planCacheKey" : "4970FF0A",
					"maxIndexedOrSolutionsReached" : false,
					"maxIndexedAndSolutionsReached" : false,
					"maxScansToExplodeReached" : false,
					"winningPlan" : {
						"stage" : "PROJECTION_DEFAULT",
						"transformBy" : {
							"orders" : "$c_orders",
							"_id" : false
						},
						"inputStage" : {
							"stage" : "COLLSCAN",
							"direction" : "forward"
						}
					},
					"rejectedPlans" : [ ]
				},
				"executionStats" : {
					"executionSuccess" : true,
					"nReturned" : 1500000,
					"executionTimeMillis" : 180181,
					"totalKeysExamined" : 0,
					"totalDocsExamined" : 1500000,
					"executionStages" : {
						"stage" : "PROJECTION_DEFAULT",
						"nReturned" : 1500000,
						"executionTimeMillisEstimate" : 39201,
						"works" : 1500002,
						"advanced" : 1500000,
						"needTime" : 1,
						"needYield" : 0,
						"saveState" : 13597,
						"restoreState" : 13597,
						"isEOF" : 1,
						"transformBy" : {
							"orders" : "$c_orders",
							"_id" : false
						},
						"inputStage" : {
							"stage" : "COLLSCAN",
							"nReturned" : 1500000,
							"executionTimeMillisEstimate" : 34736,
							"works" : 1500002,
							"advanced" : 1500000,
							"needTime" : 1,
							"needYield" : 0,
							"saveState" : 13597,
							"restoreState" : 13597,
							"isEOF" : 1,
							"direction" : "forward",
							"docsExamined" : 1500000
						}
					},
					"allPlansExecution" : [ ]
				}
			},
			"nReturned" : NumberLong(1500000),
			"executionTimeMillisEstimate" : NumberLong(66621)
		},
		{
			"$unwind" : {
				"path" : "$orders"
			},
			"nReturned" : NumberLong(14999999),
			"executionTimeMillisEstimate" : NumberLong(71944)
		},
		{
			"$project" : {
				"_id" : true,
				"orderpriority" : "$orders.o_orderpriority",
				"lineitems" : "$orders.o_lineitems"
			},
			"nReturned" : NumberLong(14999999),
			"executionTimeMillisEstimate" : NumberLong(89349)
		},
		{
			"$unwind" : {
				"path" : "$lineitems"
			},
			"nReturned" : NumberLong(59986047),
			"executionTimeMillisEstimate" : NumberLong(92555)
		},
		{
			"$match" : {
				"$and" : [
					{
						"lineitems.l_shipmode" : {
							"$in" : [
								"RAIL",
								"REG AIR"
							]
						}
					},
					{
						"$expr" : {
							"$lt" : [
								"$lineitems.l_commitdate",
								"$lineitems.l_receiptdate"
							]
						}
					},
					{
						"$expr" : {
							"$lt" : [
								"$lineitems.l_shipdate",
								"$lineitems.l_commitdate"
							]
						}
					},
					{
						"lineitems.l_receiptdate" : {
							"$gte" : ISODate("1992-01-01T00:00:00Z")
						}
					},
					{
						"lineitems.l_receiptdate" : {
							"$lt" : ISODate("1993-01-01T00:00:00Z")
						}
					}
				]
			},
			"nReturned" : NumberLong(252407),
			"executionTimeMillisEstimate" : NumberLong(179640)
		},
		{
			"$project" : {
				"_id" : true,
				"orderpriority" : true,
				"l_shipmode" : "$lineitems.l_shipmode"
			},
			"nReturned" : NumberLong(252407),
			"executionTimeMillisEstimate" : NumberLong(179811)
		},
		{
			"$group" : {
				"_id" : "$l_shipmode",
				"high_line_count" : {
					"$sum" : {
						"$switch" : {
							"branches" : [
								{
									"case" : {
										"$or" : [
											{
												"$eq" : [
													"$orderpriority",
													{
														"$const" : "1-URGENT"
													}
												]
											},
											{
												"$eq" : [
													"$orderpriority",
													{
														"$const" : "2-HIGH"
													}
												]
											}
										]
									},
									"then" : {
										"$const" : 1
									}
								}
							],
							"default" : {
								"$const" : 0
							}
						}
					}
				},
				"low_line_count" : {
					"$sum" : {
						"$switch" : {
							"branches" : [
								{
									"case" : {
										"$and" : [
											{
												"$ne" : [
													"$orderpriority",
													{
														"$const" : "1-URGENT"
													}
												]
											},
											{
												"$ne" : [
													"$orderpriority",
													{
														"$const" : "2-HIGH"
													}
												]
											}
										]
									},
									"then" : {
										"$const" : 1
									}
								}
							],
							"default" : {
								"$const" : 0
							}
						}
					}
				}
			},
			"maxAccumulatorMemoryUsageBytes" : {
				"high_line_count" : NumberLong(144),
				"low_line_count" : NumberLong(144)
			},
			"totalOutputDataSizeBytes" : NumberLong(522),
			"usedDisk" : false,
			"nReturned" : NumberLong(2),
			"executionTimeMillisEstimate" : NumberLong(180166)
		},
		{
			"$sort" : {
				"sortKey" : {
					"_id" : 1
				}
			},
			"totalDataSizeSortedBytesEstimate" : NumberLong(554),
			"usedDisk" : false,
			"nReturned" : NumberLong(2),
			"executionTimeMillisEstimate" : NumberLong(180166)
		}
	],
	"serverInfo" : {
		"host" : "LAPTOP-9QBKR4PH",
		"port" : 27017,
		"version" : "5.0.6",
		"gitVersion" : "212a8dbb47f07427dae194a9c75baec1d81d9259"
	},
	"serverParameters" : {
		"internalQueryFacetBufferSizeBytes" : 104857600,
		"internalQueryFacetMaxOutputDocSizeBytes" : 104857600,
		"internalLookupStageIntermediateDocumentMaxSizeBytes" : 104857600,
		"internalDocumentSourceGroupMaxMemoryBytes" : 104857600,
		"internalQueryMaxBlockingSortMemoryUsageBytes" : 104857600,
		"internalQueryProhibitBlockingMergeOnMongoS" : 0,
		"internalQueryMaxAddToSetBytes" : 104857600,
		"internalDocumentSourceSetWindowFieldsMaxMemoryBytes" : 104857600
	},
	"command" : {
		"aggregate" : "scale1",
		"pipeline" : [
			{
				"$project" : {
					"_id" : 0,
					"orders" : "$c_orders"
				}
			},
			{
				"$unwind" : "$orders"
			},
			{
				"$project" : {
					"orderpriority" : "$orders.o_orderpriority",
					"lineitems" : "$orders.o_lineitems"
				}
			},
			{
				"$unwind" : "$lineitems"
			},
			{
				"$match" : {
					"$and" : [
						{
							"lineitems.l_shipmode" : {
								"$in" : [
									"RAIL",
									"REG AIR"
								]
							}
						},
						{
							"$expr" : {
								"$lt" : [
									"$lineitems.l_commitdate",
									"$lineitems.l_receiptdate"
								]
							}
						},
						{
							"$expr" : {
								"$lt" : [
									"$lineitems.l_shipdate",
									"$lineitems.l_commitdate"
								]
							}
						},
						{
							"lineitems.l_receiptdate" : {
								"$gte" : ISODate("1992-01-01T00:00:00Z")
							}
						},
						{
							"lineitems.l_receiptdate" : {
								"$lt" : ISODate("1993-01-01T00:00:00Z")
							}
						}
					]
				}
			},
			{
				"$project" : {
					"orderpriority" : 1,
					"l_shipmode" : "$lineitems.l_shipmode"
				}
			},
			{
				"$group" : {
					"_id" : "$l_shipmode",
					"high_line_count" : {
						"$sum" : {
							"$switch" : {
								"branches" : [
									{
										"case" : {
											"$or" : [
												{
													"$eq" : [
														"$orderpriority",
														"1-URGENT"
													]
												},
												{
													"$eq" : [
														"$orderpriority",
														"2-HIGH"
													]
												}
											]
										},
										"then" : 1
									}
								],
								"default" : 0
							}
						}
					},
					"low_line_count" : {
						"$sum" : {
							"$switch" : {
								"branches" : [
									{
										"case" : {
											"$and" : [
												{
													"$ne" : [
														"$orderpriority",
														"1-URGENT"
													]
												},
												{
													"$ne" : [
														"$orderpriority",
														"2-HIGH"
													]
												}
											]
										},
										"then" : 1
									}
								],
								"default" : 0
							}
						}
					}
				}
			},
			{
				"$sort" : {
					"_id" : 1
				}
			}
		],
		"allowDiskUse" : true,
		"cursor" : {
			
		},
		"$db" : "tpch_1"
	},
	"ok" : 1
}


{
	"explainVersion" : "1",
	"stages" : [
		{
			"$cursor" : {
				"queryPlanner" : {
					"namespace" : "tpch_1.scale1",
					"indexFilterSet" : false,
					"parsedQuery" : {
						
					},
					"queryHash" : "7D406A01",
					"planCacheKey" : "4970FF0A",
					"maxIndexedOrSolutionsReached" : false,
					"maxIndexedAndSolutionsReached" : false,
					"maxScansToExplodeReached" : false,
					"winningPlan" : {
						"stage" : "PROJECTION_DEFAULT",
						"transformBy" : {
							"orders" : "$c_orders",
							"_id" : false
						},
						"inputStage" : {
							"stage" : "COLLSCAN",
							"direction" : "forward"
						}
					},
					"rejectedPlans" : [ ]
				},
				"executionStats" : {
					"executionSuccess" : true,
					"nReturned" : 1500000,
					"executionTimeMillis" : 181551,
					"totalKeysExamined" : 0,
					"totalDocsExamined" : 1500000,
					"executionStages" : {
						"stage" : "PROJECTION_DEFAULT",
						"nReturned" : 1500000,
						"executionTimeMillisEstimate" : 41080,
						"works" : 1500002,
						"advanced" : 1500000,
						"needTime" : 1,
						"needYield" : 0,
						"saveState" : 13735,
						"restoreState" : 13735,
						"isEOF" : 1,
						"transformBy" : {
							"orders" : "$c_orders",
							"_id" : false
						},
						"inputStage" : {
							"stage" : "COLLSCAN",
							"nReturned" : 1500000,
							"executionTimeMillisEstimate" : 36260,
							"works" : 1500002,
							"advanced" : 1500000,
							"needTime" : 1,
							"needYield" : 0,
							"saveState" : 13735,
							"restoreState" : 13735,
							"isEOF" : 1,
							"direction" : "forward",
							"docsExamined" : 1500000
						}
					},
					"allPlansExecution" : [ ]
				}
			},
			"nReturned" : NumberLong(1500000),
			"executionTimeMillisEstimate" : NumberLong(68868)
		},
		{
			"$unwind" : {
				"path" : "$orders"
			},
			"nReturned" : NumberLong(14999999),
			"executionTimeMillisEstimate" : NumberLong(73854)
		},
		{
			"$project" : {
				"_id" : true,
				"orderpriority" : "$orders.o_orderpriority",
				"lineitems" : "$orders.o_lineitems"
			},
			"nReturned" : NumberLong(14999999),
			"executionTimeMillisEstimate" : NumberLong(91569)
		},
		{
			"$unwind" : {
				"path" : "$lineitems"
			},
			"nReturned" : NumberLong(59986047),
			"executionTimeMillisEstimate" : NumberLong(94693)
		},
		{
			"$match" : {
				"$and" : [
					{
						"lineitems.l_shipmode" : {
							"$in" : [
								"RAIL",
								"REG AIR"
							]
						}
					},
					{
						"$expr" : {
							"$lt" : [
								"$lineitems.l_commitdate",
								"$lineitems.l_receiptdate"
							]
						}
					},
					{
						"$expr" : {
							"$lt" : [
								"$lineitems.l_shipdate",
								"$lineitems.l_commitdate"
							]
						}
					},
					{
						"lineitems.l_receiptdate" : {
							"$gte" : ISODate("1992-01-01T00:00:00Z")
						}
					},
					{
						"lineitems.l_receiptdate" : {
							"$lt" : ISODate("1993-01-01T00:00:00Z")
						}
					}
				]
			},
			"nReturned" : NumberLong(252407),
			"executionTimeMillisEstimate" : NumberLong(181122)
		},
		{
			"$project" : {
				"_id" : true,
				"orderpriority" : true,
				"l_shipmode" : "$lineitems.l_shipmode"
			},
			"nReturned" : NumberLong(252407),
			"executionTimeMillisEstimate" : NumberLong(181303)
		},
		{
			"$group" : {
				"_id" : "$l_shipmode",
				"high_line_count" : {
					"$sum" : {
						"$switch" : {
							"branches" : [
								{
									"case" : {
										"$or" : [
											{
												"$eq" : [
													"$orderpriority",
													{
														"$const" : "1-URGENT"
													}
												]
											},
											{
												"$eq" : [
													"$orderpriority",
													{
														"$const" : "2-HIGH"
													}
												]
											}
										]
									},
									"then" : {
										"$const" : 1
									}
								}
							],
							"default" : {
								"$const" : 0
							}
						}
					}
				},
				"low_line_count" : {
					"$sum" : {
						"$switch" : {
							"branches" : [
								{
									"case" : {
										"$and" : [
											{
												"$ne" : [
													"$orderpriority",
													{
														"$const" : "1-URGENT"
													}
												]
											},
											{
												"$ne" : [
													"$orderpriority",
													{
														"$const" : "2-HIGH"
													}
												]
											}
										]
									},
									"then" : {
										"$const" : 1
									}
								}
							],
							"default" : {
								"$const" : 0
							}
						}
					}
				}
			},
			"maxAccumulatorMemoryUsageBytes" : {
				"high_line_count" : NumberLong(144),
				"low_line_count" : NumberLong(144)
			},
			"totalOutputDataSizeBytes" : NumberLong(522),
			"usedDisk" : false,
			"nReturned" : NumberLong(2),
			"executionTimeMillisEstimate" : NumberLong(181545)
		},
		{
			"$sort" : {
				"sortKey" : {
					"_id" : 1
				}
			},
			"totalDataSizeSortedBytesEstimate" : NumberLong(554),
			"usedDisk" : false,
			"nReturned" : NumberLong(2),
			"executionTimeMillisEstimate" : NumberLong(181545)
		}
	],
	"serverInfo" : {
		"host" : "LAPTOP-9QBKR4PH",
		"port" : 27017,
		"version" : "5.0.6",
		"gitVersion" : "212a8dbb47f07427dae194a9c75baec1d81d9259"
	},
	"serverParameters" : {
		"internalQueryFacetBufferSizeBytes" : 104857600,
		"internalQueryFacetMaxOutputDocSizeBytes" : 104857600,
		"internalLookupStageIntermediateDocumentMaxSizeBytes" : 104857600,
		"internalDocumentSourceGroupMaxMemoryBytes" : 104857600,
		"internalQueryMaxBlockingSortMemoryUsageBytes" : 104857600,
		"internalQueryProhibitBlockingMergeOnMongoS" : 0,
		"internalQueryMaxAddToSetBytes" : 104857600,
		"internalDocumentSourceSetWindowFieldsMaxMemoryBytes" : 104857600
	},
	"command" : {
		"aggregate" : "scale1",
		"pipeline" : [
			{
				"$project" : {
					"_id" : 0,
					"orders" : "$c_orders"
				}
			},
			{
				"$unwind" : "$orders"
			},
			{
				"$project" : {
					"orderpriority" : "$orders.o_orderpriority",
					"lineitems" : "$orders.o_lineitems"
				}
			},
			{
				"$unwind" : "$lineitems"
			},
			{
				"$match" : {
					"$and" : [
						{
							"lineitems.l_shipmode" : {
								"$in" : [
									"RAIL",
									"REG AIR"
								]
							}
						},
						{
							"$expr" : {
								"$lt" : [
									"$lineitems.l_commitdate",
									"$lineitems.l_receiptdate"
								]
							}
						},
						{
							"$expr" : {
								"$lt" : [
									"$lineitems.l_shipdate",
									"$lineitems.l_commitdate"
								]
							}
						},
						{
							"lineitems.l_receiptdate" : {
								"$gte" : ISODate("1992-01-01T00:00:00Z")
							}
						},
						{
							"lineitems.l_receiptdate" : {
								"$lt" : ISODate("1993-01-01T00:00:00Z")
							}
						}
					]
				}
			},
			{
				"$project" : {
					"orderpriority" : 1,
					"l_shipmode" : "$lineitems.l_shipmode"
				}
			},
			{
				"$group" : {
					"_id" : "$l_shipmode",
					"high_line_count" : {
						"$sum" : {
							"$switch" : {
								"branches" : [
									{
										"case" : {
											"$or" : [
												{
													"$eq" : [
														"$orderpriority",
														"1-URGENT"
													]
												},
												{
													"$eq" : [
														"$orderpriority",
														"2-HIGH"
													]
												}
											]
										},
										"then" : 1
									}
								],
								"default" : 0
							}
						}
					},
					"low_line_count" : {
						"$sum" : {
							"$switch" : {
								"branches" : [
									{
										"case" : {
											"$and" : [
												{
													"$ne" : [
														"$orderpriority",
														"1-URGENT"
													]
												},
												{
													"$ne" : [
														"$orderpriority",
														"2-HIGH"
													]
												}
											]
										},
										"then" : 1
									}
								],
								"default" : 0
							}
						}
					}
				}
			},
			{
				"$sort" : {
					"_id" : 1
				}
			}
		],
		"allowDiskUse" : true,
		"cursor" : {
			
		},
		"$db" : "tpch_1"
	},
	"ok" : 1
}


{
	"explainVersion" : "1",
	"stages" : [
		{
			"$cursor" : {
				"queryPlanner" : {
					"namespace" : "tpch_1.scale1",
					"indexFilterSet" : false,
					"parsedQuery" : {
						
					},
					"queryHash" : "7D406A01",
					"planCacheKey" : "4970FF0A",
					"maxIndexedOrSolutionsReached" : false,
					"maxIndexedAndSolutionsReached" : false,
					"maxScansToExplodeReached" : false,
					"winningPlan" : {
						"stage" : "PROJECTION_DEFAULT",
						"transformBy" : {
							"orders" : "$c_orders",
							"_id" : false
						},
						"inputStage" : {
							"stage" : "COLLSCAN",
							"direction" : "forward"
						}
					},
					"rejectedPlans" : [ ]
				},
				"executionStats" : {
					"executionSuccess" : true,
					"nReturned" : 1500000,
					"executionTimeMillis" : 186027,
					"totalKeysExamined" : 0,
					"totalDocsExamined" : 1500000,
					"executionStages" : {
						"stage" : "PROJECTION_DEFAULT",
						"nReturned" : 1500000,
						"executionTimeMillisEstimate" : 44502,
						"works" : 1500002,
						"advanced" : 1500000,
						"needTime" : 1,
						"needYield" : 0,
						"saveState" : 13956,
						"restoreState" : 13956,
						"isEOF" : 1,
						"transformBy" : {
							"orders" : "$c_orders",
							"_id" : false
						},
						"inputStage" : {
							"stage" : "COLLSCAN",
							"nReturned" : 1500000,
							"executionTimeMillisEstimate" : 39343,
							"works" : 1500002,
							"advanced" : 1500000,
							"needTime" : 1,
							"needYield" : 0,
							"saveState" : 13956,
							"restoreState" : 13956,
							"isEOF" : 1,
							"direction" : "forward",
							"docsExamined" : 1500000
						}
					},
					"allPlansExecution" : [ ]
				}
			},
			"nReturned" : NumberLong(1500000),
			"executionTimeMillisEstimate" : NumberLong(72611)
		},
		{
			"$unwind" : {
				"path" : "$orders"
			},
			"nReturned" : NumberLong(14999999),
			"executionTimeMillisEstimate" : NumberLong(78023)
		},
		{
			"$project" : {
				"_id" : true,
				"orderpriority" : "$orders.o_orderpriority",
				"lineitems" : "$orders.o_lineitems"
			},
			"nReturned" : NumberLong(14999999),
			"executionTimeMillisEstimate" : NumberLong(95643)
		},
		{
			"$unwind" : {
				"path" : "$lineitems"
			},
			"nReturned" : NumberLong(59986047),
			"executionTimeMillisEstimate" : NumberLong(98832)
		},
		{
			"$match" : {
				"$and" : [
					{
						"lineitems.l_shipmode" : {
							"$in" : [
								"RAIL",
								"REG AIR"
							]
						}
					},
					{
						"$expr" : {
							"$lt" : [
								"$lineitems.l_commitdate",
								"$lineitems.l_receiptdate"
							]
						}
					},
					{
						"$expr" : {
							"$lt" : [
								"$lineitems.l_shipdate",
								"$lineitems.l_commitdate"
							]
						}
					},
					{
						"lineitems.l_receiptdate" : {
							"$gte" : ISODate("1992-01-01T00:00:00Z")
						}
					},
					{
						"lineitems.l_receiptdate" : {
							"$lt" : ISODate("1993-01-01T00:00:00Z")
						}
					}
				]
			},
			"nReturned" : NumberLong(252407),
			"executionTimeMillisEstimate" : NumberLong(185504)
		},
		{
			"$project" : {
				"_id" : true,
				"orderpriority" : true,
				"l_shipmode" : "$lineitems.l_shipmode"
			},
			"nReturned" : NumberLong(252407),
			"executionTimeMillisEstimate" : NumberLong(185693)
		},
		{
			"$group" : {
				"_id" : "$l_shipmode",
				"high_line_count" : {
					"$sum" : {
						"$switch" : {
							"branches" : [
								{
									"case" : {
										"$or" : [
											{
												"$eq" : [
													"$orderpriority",
													{
														"$const" : "1-URGENT"
													}
												]
											},
											{
												"$eq" : [
													"$orderpriority",
													{
														"$const" : "2-HIGH"
													}
												]
											}
										]
									},
									"then" : {
										"$const" : 1
									}
								}
							],
							"default" : {
								"$const" : 0
							}
						}
					}
				},
				"low_line_count" : {
					"$sum" : {
						"$switch" : {
							"branches" : [
								{
									"case" : {
										"$and" : [
											{
												"$ne" : [
													"$orderpriority",
													{
														"$const" : "1-URGENT"
													}
												]
											},
											{
												"$ne" : [
													"$orderpriority",
													{
														"$const" : "2-HIGH"
													}
												]
											}
										]
									},
									"then" : {
										"$const" : 1
									}
								}
							],
							"default" : {
								"$const" : 0
							}
						}
					}
				}
			},
			"maxAccumulatorMemoryUsageBytes" : {
				"high_line_count" : NumberLong(144),
				"low_line_count" : NumberLong(144)
			},
			"totalOutputDataSizeBytes" : NumberLong(522),
			"usedDisk" : false,
			"nReturned" : NumberLong(2),
			"executionTimeMillisEstimate" : NumberLong(186008)
		},
		{
			"$sort" : {
				"sortKey" : {
					"_id" : 1
				}
			},
			"totalDataSizeSortedBytesEstimate" : NumberLong(554),
			"usedDisk" : false,
			"nReturned" : NumberLong(2),
			"executionTimeMillisEstimate" : NumberLong(186008)
		}
	],
	"serverInfo" : {
		"host" : "LAPTOP-9QBKR4PH",
		"port" : 27017,
		"version" : "5.0.6",
		"gitVersion" : "212a8dbb47f07427dae194a9c75baec1d81d9259"
	},
	"serverParameters" : {
		"internalQueryFacetBufferSizeBytes" : 104857600,
		"internalQueryFacetMaxOutputDocSizeBytes" : 104857600,
		"internalLookupStageIntermediateDocumentMaxSizeBytes" : 104857600,
		"internalDocumentSourceGroupMaxMemoryBytes" : 104857600,
		"internalQueryMaxBlockingSortMemoryUsageBytes" : 104857600,
		"internalQueryProhibitBlockingMergeOnMongoS" : 0,
		"internalQueryMaxAddToSetBytes" : 104857600,
		"internalDocumentSourceSetWindowFieldsMaxMemoryBytes" : 104857600
	},
	"command" : {
		"aggregate" : "scale1",
		"pipeline" : [
			{
				"$project" : {
					"_id" : 0,
					"orders" : "$c_orders"
				}
			},
			{
				"$unwind" : "$orders"
			},
			{
				"$project" : {
					"orderpriority" : "$orders.o_orderpriority",
					"lineitems" : "$orders.o_lineitems"
				}
			},
			{
				"$unwind" : "$lineitems"
			},
			{
				"$match" : {
					"$and" : [
						{
							"lineitems.l_shipmode" : {
								"$in" : [
									"RAIL",
									"REG AIR"
								]
							}
						},
						{
							"$expr" : {
								"$lt" : [
									"$lineitems.l_commitdate",
									"$lineitems.l_receiptdate"
								]
							}
						},
						{
							"$expr" : {
								"$lt" : [
									"$lineitems.l_shipdate",
									"$lineitems.l_commitdate"
								]
							}
						},
						{
							"lineitems.l_receiptdate" : {
								"$gte" : ISODate("1992-01-01T00:00:00Z")
							}
						},
						{
							"lineitems.l_receiptdate" : {
								"$lt" : ISODate("1993-01-01T00:00:00Z")
							}
						}
					]
				}
			},
			{
				"$project" : {
					"orderpriority" : 1,
					"l_shipmode" : "$lineitems.l_shipmode"
				}
			},
			{
				"$group" : {
					"_id" : "$l_shipmode",
					"high_line_count" : {
						"$sum" : {
							"$switch" : {
								"branches" : [
									{
										"case" : {
											"$or" : [
												{
													"$eq" : [
														"$orderpriority",
														"1-URGENT"
													]
												},
												{
													"$eq" : [
														"$orderpriority",
														"2-HIGH"
													]
												}
											]
										},
										"then" : 1
									}
								],
								"default" : 0
							}
						}
					},
					"low_line_count" : {
						"$sum" : {
							"$switch" : {
								"branches" : [
									{
										"case" : {
											"$and" : [
												{
													"$ne" : [
														"$orderpriority",
														"1-URGENT"
													]
												},
												{
													"$ne" : [
														"$orderpriority",
														"2-HIGH"
													]
												}
											]
										},
										"then" : 1
									}
								],
								"default" : 0
							}
						}
					}
				}
			},
			{
				"$sort" : {
					"_id" : 1
				}
			}
		],
		"allowDiskUse" : true,
		"cursor" : {
			
		},
		"$db" : "tpch_1"
	},
	"ok" : 1
}


