{
	"explainVersion" : "1",
	"stages" : [
		{
			"$cursor" : {
				"queryPlanner" : {
					"namespace" : "tpch_1.scale1",
					"indexFilterSet" : false,
					"parsedQuery" : {
						
					},
					"queryHash" : "7D406A01",
					"planCacheKey" : "4970FF0A",
					"maxIndexedOrSolutionsReached" : false,
					"maxIndexedAndSolutionsReached" : false,
					"maxScansToExplodeReached" : false,
					"winningPlan" : {
						"stage" : "PROJECTION_DEFAULT",
						"transformBy" : {
							"orders" : {
								"$filter" : {
									"input" : "$c_orders",
									"as" : "o",
									"cond" : {
										"$and" : [
											{
												"$anyElementTrue" : [
													{
														"$map" : {
															"input" : "$$o.o_lineitems",
															"as" : "l",
															"in" : {
																"$lt" : [
																	"$$l.l_commitdate",
																	"$$l.l_receiptdate"
																]
															}
														}
													}
												]
											},
											{
												"$gte" : [
													"$$o.o_orderdate",
													{
														"$const" : ISODate("1992-01-01T00:00:00Z")
													}
												]
											},
											{
												"$lt" : [
													"$$o.o_orderdate",
													{
														"$const" : ISODate("1992-04-01T00:00:00Z")
													}
												]
											}
										]
									}
								}
							},
							"_id" : false
						},
						"inputStage" : {
							"stage" : "COLLSCAN",
							"direction" : "forward"
						}
					},
					"rejectedPlans" : [ ]
				},
				"executionStats" : {
					"executionSuccess" : true,
					"nReturned" : 1500000,
					"executionTimeMillis" : 98267,
					"totalKeysExamined" : 0,
					"totalDocsExamined" : 1500000,
					"executionStages" : {
						"stage" : "PROJECTION_DEFAULT",
						"nReturned" : 1500000,
						"executionTimeMillisEstimate" : 93645,
						"works" : 1500002,
						"advanced" : 1500000,
						"needTime" : 1,
						"needYield" : 0,
						"saveState" : 5880,
						"restoreState" : 5880,
						"isEOF" : 1,
						"transformBy" : {
							"orders" : {
								"$filter" : {
									"input" : "$c_orders",
									"as" : "o",
									"cond" : {
										"$and" : [
											{
												"$anyElementTrue" : [
													{
														"$map" : {
															"input" : "$$o.o_lineitems",
															"as" : "l",
															"in" : {
																"$lt" : [
																	"$$l.l_commitdate",
																	"$$l.l_receiptdate"
																]
															}
														}
													}
												]
											},
											{
												"$gte" : [
													"$$o.o_orderdate",
													{
														"$const" : ISODate("1992-01-01T00:00:00Z")
													}
												]
											},
											{
												"$lt" : [
													"$$o.o_orderdate",
													{
														"$const" : ISODate("1992-04-01T00:00:00Z")
													}
												]
											}
										]
									}
								}
							},
							"_id" : false
						},
						"inputStage" : {
							"stage" : "COLLSCAN",
							"nReturned" : 1500000,
							"executionTimeMillisEstimate" : 48973,
							"works" : 1500002,
							"advanced" : 1500000,
							"needTime" : 1,
							"needYield" : 0,
							"saveState" : 5880,
							"restoreState" : 5880,
							"isEOF" : 1,
							"direction" : "forward",
							"docsExamined" : 1500000
						}
					},
					"allPlansExecution" : [ ]
				}
			},
			"nReturned" : NumberLong(1500000),
			"executionTimeMillisEstimate" : NumberLong(96912)
		},
		{
			"$unwind" : {
				"path" : "$orders"
			},
			"nReturned" : NumberLong(519546),
			"executionTimeMillisEstimate" : NumberLong(97987)
		},
		{
			"$project" : {
				"_id" : true,
				"orderpriority" : "$orders.o_orderpriority"
			},
			"nReturned" : NumberLong(519546),
			"executionTimeMillisEstimate" : NumberLong(98176)
		},
		{
			"$group" : {
				"_id" : "$orderpriority",
				"order_count" : {
					"$sum" : {
						"$const" : 1
					}
				}
			},
			"maxAccumulatorMemoryUsageBytes" : {
				"order_count" : NumberLong(360)
			},
			"totalOutputDataSizeBytes" : NumberLong(1176),
			"usedDisk" : false,
			"nReturned" : NumberLong(5),
			"executionTimeMillisEstimate" : NumberLong(98262)
		},
		{
			"$sort" : {
				"sortKey" : {
					"_id" : 1
				}
			},
			"totalDataSizeSortedBytesEstimate" : NumberLong(1287),
			"usedDisk" : false,
			"nReturned" : NumberLong(5),
			"executionTimeMillisEstimate" : NumberLong(98262)
		}
	],
	"serverInfo" : {
		"host" : "LAPTOP-9QBKR4PH",
		"port" : 27017,
		"version" : "5.0.6",
		"gitVersion" : "212a8dbb47f07427dae194a9c75baec1d81d9259"
	},
	"serverParameters" : {
		"internalQueryFacetBufferSizeBytes" : 104857600,
		"internalQueryFacetMaxOutputDocSizeBytes" : 104857600,
		"internalLookupStageIntermediateDocumentMaxSizeBytes" : 104857600,
		"internalDocumentSourceGroupMaxMemoryBytes" : 104857600,
		"internalQueryMaxBlockingSortMemoryUsageBytes" : 104857600,
		"internalQueryProhibitBlockingMergeOnMongoS" : 0,
		"internalQueryMaxAddToSetBytes" : 104857600,
		"internalDocumentSourceSetWindowFieldsMaxMemoryBytes" : 104857600
	},
	"command" : {
		"aggregate" : "scale1",
		"pipeline" : [
			{
				"$project" : {
					"_id" : 0,
					"orders" : {
						"$filter" : {
							"input" : "$c_orders",
							"as" : "o",
							"cond" : {
								"$and" : [
									{
										"$anyElementTrue" : {
											"$map" : {
												"input" : "$$o.o_lineitems",
												"as" : "l",
												"in" : {
													"$lt" : [
														"$$l.l_commitdate",
														"$$l.l_receiptdate"
													]
												}
											}
										}
									},
									{
										"$gte" : [
											"$$o.o_orderdate",
											ISODate("1992-01-01T00:00:00Z")
										]
									},
									{
										"$lt" : [
											"$$o.o_orderdate",
											ISODate("1992-04-01T00:00:00Z")
										]
									}
								]
							}
						}
					}
				}
			},
			{
				"$unwind" : "$orders"
			},
			{
				"$project" : {
					"orderpriority" : "$orders.o_orderpriority"
				}
			},
			{
				"$group" : {
					"_id" : "$orderpriority",
					"order_count" : {
						"$sum" : 1
					}
				}
			},
			{
				"$sort" : {
					"_id" : 1
				}
			}
		],
		"allowDiskUse" : true,
		"cursor" : {
			
		},
		"$db" : "tpch_1"
	},
	"ok" : 1
}


{
	"explainVersion" : "1",
	"stages" : [
		{
			"$cursor" : {
				"queryPlanner" : {
					"namespace" : "tpch_1.scale1",
					"indexFilterSet" : false,
					"parsedQuery" : {
						
					},
					"queryHash" : "7D406A01",
					"planCacheKey" : "4970FF0A",
					"maxIndexedOrSolutionsReached" : false,
					"maxIndexedAndSolutionsReached" : false,
					"maxScansToExplodeReached" : false,
					"winningPlan" : {
						"stage" : "PROJECTION_DEFAULT",
						"transformBy" : {
							"orders" : {
								"$filter" : {
									"input" : "$c_orders",
									"as" : "o",
									"cond" : {
										"$and" : [
											{
												"$anyElementTrue" : [
													{
														"$map" : {
															"input" : "$$o.o_lineitems",
															"as" : "l",
															"in" : {
																"$lt" : [
																	"$$l.l_commitdate",
																	"$$l.l_receiptdate"
																]
															}
														}
													}
												]
											},
											{
												"$gte" : [
													"$$o.o_orderdate",
													{
														"$const" : ISODate("1992-01-01T00:00:00Z")
													}
												]
											},
											{
												"$lt" : [
													"$$o.o_orderdate",
													{
														"$const" : ISODate("1992-04-01T00:00:00Z")
													}
												]
											}
										]
									}
								}
							},
							"_id" : false
						},
						"inputStage" : {
							"stage" : "COLLSCAN",
							"direction" : "forward"
						}
					},
					"rejectedPlans" : [ ]
				},
				"executionStats" : {
					"executionSuccess" : true,
					"nReturned" : 1500000,
					"executionTimeMillis" : 94024,
					"totalKeysExamined" : 0,
					"totalDocsExamined" : 1500000,
					"executionStages" : {
						"stage" : "PROJECTION_DEFAULT",
						"nReturned" : 1500000,
						"executionTimeMillisEstimate" : 89319,
						"works" : 1500002,
						"advanced" : 1500000,
						"needTime" : 1,
						"needYield" : 0,
						"saveState" : 5698,
						"restoreState" : 5698,
						"isEOF" : 1,
						"transformBy" : {
							"orders" : {
								"$filter" : {
									"input" : "$c_orders",
									"as" : "o",
									"cond" : {
										"$and" : [
											{
												"$anyElementTrue" : [
													{
														"$map" : {
															"input" : "$$o.o_lineitems",
															"as" : "l",
															"in" : {
																"$lt" : [
																	"$$l.l_commitdate",
																	"$$l.l_receiptdate"
																]
															}
														}
													}
												]
											},
											{
												"$gte" : [
													"$$o.o_orderdate",
													{
														"$const" : ISODate("1992-01-01T00:00:00Z")
													}
												]
											},
											{
												"$lt" : [
													"$$o.o_orderdate",
													{
														"$const" : ISODate("1992-04-01T00:00:00Z")
													}
												]
											}
										]
									}
								}
							},
							"_id" : false
						},
						"inputStage" : {
							"stage" : "COLLSCAN",
							"nReturned" : 1500000,
							"executionTimeMillisEstimate" : 44424,
							"works" : 1500002,
							"advanced" : 1500000,
							"needTime" : 1,
							"needYield" : 0,
							"saveState" : 5698,
							"restoreState" : 5698,
							"isEOF" : 1,
							"direction" : "forward",
							"docsExamined" : 1500000
						}
					},
					"allPlansExecution" : [ ]
				}
			},
			"nReturned" : NumberLong(1500000),
			"executionTimeMillisEstimate" : NumberLong(92570)
		},
		{
			"$unwind" : {
				"path" : "$orders"
			},
			"nReturned" : NumberLong(519546),
			"executionTimeMillisEstimate" : NumberLong(93706)
		},
		{
			"$project" : {
				"_id" : true,
				"orderpriority" : "$orders.o_orderpriority"
			},
			"nReturned" : NumberLong(519546),
			"executionTimeMillisEstimate" : NumberLong(93946)
		},
		{
			"$group" : {
				"_id" : "$orderpriority",
				"order_count" : {
					"$sum" : {
						"$const" : 1
					}
				}
			},
			"maxAccumulatorMemoryUsageBytes" : {
				"order_count" : NumberLong(360)
			},
			"totalOutputDataSizeBytes" : NumberLong(1176),
			"usedDisk" : false,
			"nReturned" : NumberLong(5),
			"executionTimeMillisEstimate" : NumberLong(94016)
		},
		{
			"$sort" : {
				"sortKey" : {
					"_id" : 1
				}
			},
			"totalDataSizeSortedBytesEstimate" : NumberLong(1287),
			"usedDisk" : false,
			"nReturned" : NumberLong(5),
			"executionTimeMillisEstimate" : NumberLong(94016)
		}
	],
	"serverInfo" : {
		"host" : "LAPTOP-9QBKR4PH",
		"port" : 27017,
		"version" : "5.0.6",
		"gitVersion" : "212a8dbb47f07427dae194a9c75baec1d81d9259"
	},
	"serverParameters" : {
		"internalQueryFacetBufferSizeBytes" : 104857600,
		"internalQueryFacetMaxOutputDocSizeBytes" : 104857600,
		"internalLookupStageIntermediateDocumentMaxSizeBytes" : 104857600,
		"internalDocumentSourceGroupMaxMemoryBytes" : 104857600,
		"internalQueryMaxBlockingSortMemoryUsageBytes" : 104857600,
		"internalQueryProhibitBlockingMergeOnMongoS" : 0,
		"internalQueryMaxAddToSetBytes" : 104857600,
		"internalDocumentSourceSetWindowFieldsMaxMemoryBytes" : 104857600
	},
	"command" : {
		"aggregate" : "scale1",
		"pipeline" : [
			{
				"$project" : {
					"_id" : 0,
					"orders" : {
						"$filter" : {
							"input" : "$c_orders",
							"as" : "o",
							"cond" : {
								"$and" : [
									{
										"$anyElementTrue" : {
											"$map" : {
												"input" : "$$o.o_lineitems",
												"as" : "l",
												"in" : {
													"$lt" : [
														"$$l.l_commitdate",
														"$$l.l_receiptdate"
													]
												}
											}
										}
									},
									{
										"$gte" : [
											"$$o.o_orderdate",
											ISODate("1992-01-01T00:00:00Z")
										]
									},
									{
										"$lt" : [
											"$$o.o_orderdate",
											ISODate("1992-04-01T00:00:00Z")
										]
									}
								]
							}
						}
					}
				}
			},
			{
				"$unwind" : "$orders"
			},
			{
				"$project" : {
					"orderpriority" : "$orders.o_orderpriority"
				}
			},
			{
				"$group" : {
					"_id" : "$orderpriority",
					"order_count" : {
						"$sum" : 1
					}
				}
			},
			{
				"$sort" : {
					"_id" : 1
				}
			}
		],
		"allowDiskUse" : true,
		"cursor" : {
			
		},
		"$db" : "tpch_1"
	},
	"ok" : 1
}


{
	"explainVersion" : "1",
	"stages" : [
		{
			"$cursor" : {
				"queryPlanner" : {
					"namespace" : "tpch_1.scale1",
					"indexFilterSet" : false,
					"parsedQuery" : {
						
					},
					"queryHash" : "7D406A01",
					"planCacheKey" : "4970FF0A",
					"maxIndexedOrSolutionsReached" : false,
					"maxIndexedAndSolutionsReached" : false,
					"maxScansToExplodeReached" : false,
					"winningPlan" : {
						"stage" : "PROJECTION_DEFAULT",
						"transformBy" : {
							"orders" : {
								"$filter" : {
									"input" : "$c_orders",
									"as" : "o",
									"cond" : {
										"$and" : [
											{
												"$anyElementTrue" : [
													{
														"$map" : {
															"input" : "$$o.o_lineitems",
															"as" : "l",
															"in" : {
																"$lt" : [
																	"$$l.l_commitdate",
																	"$$l.l_receiptdate"
																]
															}
														}
													}
												]
											},
											{
												"$gte" : [
													"$$o.o_orderdate",
													{
														"$const" : ISODate("1992-01-01T00:00:00Z")
													}
												]
											},
											{
												"$lt" : [
													"$$o.o_orderdate",
													{
														"$const" : ISODate("1992-04-01T00:00:00Z")
													}
												]
											}
										]
									}
								}
							},
							"_id" : false
						},
						"inputStage" : {
							"stage" : "COLLSCAN",
							"direction" : "forward"
						}
					},
					"rejectedPlans" : [ ]
				},
				"executionStats" : {
					"executionSuccess" : true,
					"nReturned" : 1500000,
					"executionTimeMillis" : 104495,
					"totalKeysExamined" : 0,
					"totalDocsExamined" : 1500000,
					"executionStages" : {
						"stage" : "PROJECTION_DEFAULT",
						"nReturned" : 1500000,
						"executionTimeMillisEstimate" : 99813,
						"works" : 1500002,
						"advanced" : 1500000,
						"needTime" : 1,
						"needYield" : 0,
						"saveState" : 6202,
						"restoreState" : 6202,
						"isEOF" : 1,
						"transformBy" : {
							"orders" : {
								"$filter" : {
									"input" : "$c_orders",
									"as" : "o",
									"cond" : {
										"$and" : [
											{
												"$anyElementTrue" : [
													{
														"$map" : {
															"input" : "$$o.o_lineitems",
															"as" : "l",
															"in" : {
																"$lt" : [
																	"$$l.l_commitdate",
																	"$$l.l_receiptdate"
																]
															}
														}
													}
												]
											},
											{
												"$gte" : [
													"$$o.o_orderdate",
													{
														"$const" : ISODate("1992-01-01T00:00:00Z")
													}
												]
											},
											{
												"$lt" : [
													"$$o.o_orderdate",
													{
														"$const" : ISODate("1992-04-01T00:00:00Z")
													}
												]
											}
										]
									}
								}
							},
							"_id" : false
						},
						"inputStage" : {
							"stage" : "COLLSCAN",
							"nReturned" : 1500000,
							"executionTimeMillisEstimate" : 55987,
							"works" : 1500002,
							"advanced" : 1500000,
							"needTime" : 1,
							"needYield" : 0,
							"saveState" : 6202,
							"restoreState" : 6202,
							"isEOF" : 1,
							"direction" : "forward",
							"docsExamined" : 1500000
						}
					},
					"allPlansExecution" : [ ]
				}
			},
			"nReturned" : NumberLong(1500000),
			"executionTimeMillisEstimate" : NumberLong(103189)
		},
		{
			"$unwind" : {
				"path" : "$orders"
			},
			"nReturned" : NumberLong(519546),
			"executionTimeMillisEstimate" : NumberLong(104208)
		},
		{
			"$project" : {
				"_id" : true,
				"orderpriority" : "$orders.o_orderpriority"
			},
			"nReturned" : NumberLong(519546),
			"executionTimeMillisEstimate" : NumberLong(104400)
		},
		{
			"$group" : {
				"_id" : "$orderpriority",
				"order_count" : {
					"$sum" : {
						"$const" : 1
					}
				}
			},
			"maxAccumulatorMemoryUsageBytes" : {
				"order_count" : NumberLong(360)
			},
			"totalOutputDataSizeBytes" : NumberLong(1176),
			"usedDisk" : false,
			"nReturned" : NumberLong(5),
			"executionTimeMillisEstimate" : NumberLong(104486)
		},
		{
			"$sort" : {
				"sortKey" : {
					"_id" : 1
				}
			},
			"totalDataSizeSortedBytesEstimate" : NumberLong(1287),
			"usedDisk" : false,
			"nReturned" : NumberLong(5),
			"executionTimeMillisEstimate" : NumberLong(104486)
		}
	],
	"serverInfo" : {
		"host" : "LAPTOP-9QBKR4PH",
		"port" : 27017,
		"version" : "5.0.6",
		"gitVersion" : "212a8dbb47f07427dae194a9c75baec1d81d9259"
	},
	"serverParameters" : {
		"internalQueryFacetBufferSizeBytes" : 104857600,
		"internalQueryFacetMaxOutputDocSizeBytes" : 104857600,
		"internalLookupStageIntermediateDocumentMaxSizeBytes" : 104857600,
		"internalDocumentSourceGroupMaxMemoryBytes" : 104857600,
		"internalQueryMaxBlockingSortMemoryUsageBytes" : 104857600,
		"internalQueryProhibitBlockingMergeOnMongoS" : 0,
		"internalQueryMaxAddToSetBytes" : 104857600,
		"internalDocumentSourceSetWindowFieldsMaxMemoryBytes" : 104857600
	},
	"command" : {
		"aggregate" : "scale1",
		"pipeline" : [
			{
				"$project" : {
					"_id" : 0,
					"orders" : {
						"$filter" : {
							"input" : "$c_orders",
							"as" : "o",
							"cond" : {
								"$and" : [
									{
										"$anyElementTrue" : {
											"$map" : {
												"input" : "$$o.o_lineitems",
												"as" : "l",
												"in" : {
													"$lt" : [
														"$$l.l_commitdate",
														"$$l.l_receiptdate"
													]
												}
											}
										}
									},
									{
										"$gte" : [
											"$$o.o_orderdate",
											ISODate("1992-01-01T00:00:00Z")
										]
									},
									{
										"$lt" : [
											"$$o.o_orderdate",
											ISODate("1992-04-01T00:00:00Z")
										]
									}
								]
							}
						}
					}
				}
			},
			{
				"$unwind" : "$orders"
			},
			{
				"$project" : {
					"orderpriority" : "$orders.o_orderpriority"
				}
			},
			{
				"$group" : {
					"_id" : "$orderpriority",
					"order_count" : {
						"$sum" : 1
					}
				}
			},
			{
				"$sort" : {
					"_id" : 1
				}
			}
		],
		"allowDiskUse" : true,
		"cursor" : {
			
		},
		"$db" : "tpch_1"
	},
	"ok" : 1
}


